<?xml version="1.0" encoding="UTF-8"?>
<!-- Generated by org.testng.reporters.JUnitXMLReporter -->
<testsuite hostname="NDI-LAP-357" name="Test" tests="1" failures="1" timestamp="27 Sep 2016 13:38:37 GMT" time="2.041" errors="0">
  <testcase name="@AfterMethod tearDown" time="0.0" classname="com.decexp.tests.MemberTest">
    <failure type="java.lang.NullPointerException">
      <![CDATA[java.lang.NullPointerException
	at com.decexp.tests.MemberTest.tearDown(MemberTest.java:66)
... Removed 26 stack frames]]>
    </failure>
  </testcase> <!-- @AfterMethod tearDown -->
  <testcase name="@AfterTest closeCurrentDriver" time="0.0" classname="com.decexp.tests.MemberTest">
    <skipped/>
  </testcase> <!-- @AfterTest closeCurrentDriver -->
  <testcase name="createNewMember" time="0.894" classname="com.decexp.tests.MemberTest">
    <failure type="com.decexp.utils.AutomationException">
      <![CDATA[com.decexp.utils.AutomationException
	at com.decexp.pages.CRMLoginPage.loginAs(CRMLoginPage.java:26)
	at com.decexp.tests.MemberTest.createNewMember(MemberTest.java:47)
... Removed 24 stack frames]]>
    </failure>
  </testcase> <!-- createNewMember -->
</testsuite> <!-- Test -->
