<?xml version="1.0" encoding="UTF-8"?>
<!-- Generated by org.testng.reporters.JUnitXMLReporter -->
<testsuite hostname="NDI-LAP-357" name="Login Test" tests="1" failures="1" timestamp="12 Sep 2016 10:42:28 GMT" time="8.847" errors="0">
  <testcase name="createNewMember" time="6.24" classname="com.decexp.tests.MemberTest">
    <failure type="java.lang.AssertionError" message="Home Page is failed to load expected [true] but found [false]">
      <![CDATA[java.lang.AssertionError: Home Page is failed to load expected [true] but found [false]
	at com.decexp.tests.MemberTest.createNewMember(MemberTest.java:43)
	at org.apache.maven.surefire.testng.TestNGExecutor.run(TestNGExecutor.java:293)
	at org.apache.maven.surefire.testng.TestNGXmlTestSuite.execute(TestNGXmlTestSuite.java:84)
	at org.apache.maven.surefire.testng.TestNGProvider.invoke(TestNGProvider.java:91)
	at org.apache.maven.surefire.booter.ForkedBooter.invokeProviderInSameClassLoader(ForkedBooter.java:200)
	at org.apache.maven.surefire.booter.ForkedBooter.runSuitesInProcess(ForkedBooter.java:153)
	at org.apache.maven.surefire.booter.ForkedBooter.main(ForkedBooter.java:103)
... Removed 24 stack frames]]>
    </failure>
  </testcase> <!-- createNewMember -->
</testsuite> <!-- Login Test -->
